<?xml version="1.0" encoding="UTF-8"?>
<!-- Generated by org.testng.reporters.JUnitXMLReporter -->
<testsuite ignored="4" hostname="saurabh-1sl4" failures="0" tests="0" time="0.013" errors="0" timestamp="2024-12-02T14:27:45 UTC">
  <testcase classname="com.nobleprog.AppTest" name="tc1" time="0.0">
    <ignored/>
  </testcase> <!-- tc1 -->
  <testcase classname="testcases.ConduitappTest" name="loginToApplication" time="0.0">
    <ignored/>
  </testcase> <!-- loginToApplication -->
  <testcase classname="testcases.ConduitappTest" name="verifyTitle" time="0.0">
    <ignored/>
  </testcase> <!-- verifyTitle -->
  <testcase classname="testcases.AddArticleTest" name="verifyAddArticle" time="0.0">
    <ignored/>
  </testcase> <!-- verifyAddArticle -->
</testsuite>
